<?xml version="1.0" encoding="UTF-8"?>
<testsuite xmlns:xsi="http://www.w3.org/2001/XMLSchema-instance" xsi:noNamespaceSchemaLocation="https://maven.apache.org/surefire/maven-surefire-plugin/xsd/surefire-test-report-3.0.xsd" version="3.0" name="HorseTest" time="0.133" tests="17" errors="0" skipped="0" failures="0">
  <properties>
    <property name="java.specification.version" value="18"/>
    <property name="sun.cpu.isalist" value="amd64"/>
    <property name="sun.jnu.encoding" value="Cp1251"/>
    <property name="java.class.path" value="C:\Users\ыг\IdeaProjects\hippodrome\target\test-classes;C:\Users\ыг\IdeaProjects\hippodrome\target\classes;C:\Users\ыг\.m2\repository\org\projectlombok\lombok\1.18.24\lombok-1.18.24.jar;C:\Users\ыг\.m2\repository\org\apache\logging\log4j\log4j-api\2.19.0\log4j-api-2.19.0.jar;C:\Users\ыг\.m2\repository\org\apache\logging\log4j\log4j-core\2.19.0\log4j-core-2.19.0.jar;C:\Users\ыг\.m2\repository\org\apache\logging\log4j\log4j-slf4j-impl\2.19.0\log4j-slf4j-impl-2.19.0.jar;C:\Users\ыг\.m2\repository\org\slf4j\slf4j-api\1.7.25\slf4j-api-1.7.25.jar;C:\Users\ыг\.m2\repository\org\mockito\mockito-core\5.1.1\mockito-core-5.1.1.jar;C:\Users\ыг\.m2\repository\net\bytebuddy\byte-buddy\1.12.22\byte-buddy-1.12.22.jar;C:\Users\ыг\.m2\repository\net\bytebuddy\byte-buddy-agent\1.12.22\byte-buddy-agent-1.12.22.jar;C:\Users\ыг\.m2\repository\org\objenesis\objenesis\3.3\objenesis-3.3.jar;C:\Users\ыг\.m2\repository\org\mockito\mockito-junit-jupiter\5.1.1\mockito-junit-jupiter-5.1.1.jar;C:\Users\ыг\.m2\repository\org\mockito\mockito-inline\5.1.1\mockito-inline-5.1.1.jar;C:\Users\ыг\.m2\repository\org\junit\jupiter\junit-jupiter-api\5.9.2\junit-jupiter-api-5.9.2.jar;C:\Users\ыг\.m2\repository\org\opentest4j\opentest4j\1.2.0\opentest4j-1.2.0.jar;C:\Users\ыг\.m2\repository\org\junit\platform\junit-platform-commons\1.9.2\junit-platform-commons-1.9.2.jar;C:\Users\ыг\.m2\repository\org\apiguardian\apiguardian-api\1.1.2\apiguardian-api-1.1.2.jar;C:\Users\ыг\.m2\repository\org\junit\jupiter\junit-jupiter-params\5.9.2\junit-jupiter-params-5.9.2.jar;"/>
    <property name="java.vm.vendor" value="Oracle Corporation"/>
    <property name="sun.arch.data.model" value="64"/>
    <property name="user.variant" value=""/>
    <property name="java.vendor.url" value="https://java.oracle.com/"/>
    <property name="user.timezone" value="Europe/Moscow"/>
    <property name="os.name" value="Windows 10"/>
    <property name="java.vm.specification.version" value="18"/>
    <property name="sun.java.launcher" value="SUN_STANDARD"/>
    <property name="user.country" value="RU"/>
    <property name="sun.boot.library.path" value="C:\Java\jdk-18.0.2.1\bin"/>
    <property name="sun.java.command" value="C:\Users\ыг\AppData\Local\Temp\surefire9184752750947458165\surefirebooter7410554322357622247.jar C:\Users\ыг\AppData\Local\Temp\surefire9184752750947458165 2023-03-03T08-09-28_589-jvmRun1 surefire9321366312316159846tmp surefire_02853205127853919484tmp"/>
    <property name="jdk.debug" value="release"/>
    <property name="surefire.test.class.path" value="C:\Users\ыг\IdeaProjects\hippodrome\target\test-classes;C:\Users\ыг\IdeaProjects\hippodrome\target\classes;C:\Users\ыг\.m2\repository\org\projectlombok\lombok\1.18.24\lombok-1.18.24.jar;C:\Users\ыг\.m2\repository\org\apache\logging\log4j\log4j-api\2.19.0\log4j-api-2.19.0.jar;C:\Users\ыг\.m2\repository\org\apache\logging\log4j\log4j-core\2.19.0\log4j-core-2.19.0.jar;C:\Users\ыг\.m2\repository\org\apache\logging\log4j\log4j-slf4j-impl\2.19.0\log4j-slf4j-impl-2.19.0.jar;C:\Users\ыг\.m2\repository\org\slf4j\slf4j-api\1.7.25\slf4j-api-1.7.25.jar;C:\Users\ыг\.m2\repository\org\mockito\mockito-core\5.1.1\mockito-core-5.1.1.jar;C:\Users\ыг\.m2\repository\net\bytebuddy\byte-buddy\1.12.22\byte-buddy-1.12.22.jar;C:\Users\ыг\.m2\repository\net\bytebuddy\byte-buddy-agent\1.12.22\byte-buddy-agent-1.12.22.jar;C:\Users\ыг\.m2\repository\org\objenesis\objenesis\3.3\objenesis-3.3.jar;C:\Users\ыг\.m2\repository\org\mockito\mockito-junit-jupiter\5.1.1\mockito-junit-jupiter-5.1.1.jar;C:\Users\ыг\.m2\repository\org\mockito\mockito-inline\5.1.1\mockito-inline-5.1.1.jar;C:\Users\ыг\.m2\repository\org\junit\jupiter\junit-jupiter-api\5.9.2\junit-jupiter-api-5.9.2.jar;C:\Users\ыг\.m2\repository\org\opentest4j\opentest4j\1.2.0\opentest4j-1.2.0.jar;C:\Users\ыг\.m2\repository\org\junit\platform\junit-platform-commons\1.9.2\junit-platform-commons-1.9.2.jar;C:\Users\ыг\.m2\repository\org\apiguardian\apiguardian-api\1.1.2\apiguardian-api-1.1.2.jar;C:\Users\ыг\.m2\repository\org\junit\jupiter\junit-jupiter-params\5.9.2\junit-jupiter-params-5.9.2.jar;"/>
    <property name="sun.cpu.endian" value="little"/>
    <property name="user.home" value="C:\Users\ыг"/>
    <property name="user.language" value="ru"/>
    <property name="java.specification.vendor" value="Oracle Corporation"/>
    <property name="java.version.date" value="2022-08-18"/>
    <property name="java.home" value="C:\Java\jdk-18.0.2.1"/>
    <property name="file.separator" value="\"/>
    <property name="basedir" value="C:\Users\ыг\IdeaProjects\hippodrome"/>
    <property name="java.vm.compressedOopsMode" value="Zero based"/>
    <property name="line.separator" value="&#10;"/>
    <property name="java.vm.specification.vendor" value="Oracle Corporation"/>
    <property name="java.specification.name" value="Java Platform API Specification"/>
    <property name="surefire.real.class.path" value="C:\Users\ыг\AppData\Local\Temp\surefire9184752750947458165\surefirebooter7410554322357622247.jar"/>
    <property name="user.script" value=""/>
    <property name="sun.management.compiler" value="HotSpot 64-Bit Tiered Compilers"/>
    <property name="java.runtime.version" value="18.0.2.1+1-1"/>
    <property name="user.name" value="ыг"/>
    <property name="path.separator" value=";"/>
    <property name="os.version" value="10.0"/>
    <property name="java.runtime.name" value="OpenJDK Runtime Environment"/>
    <property name="file.encoding" value="UTF-8"/>
    <property name="java.vm.name" value="OpenJDK 64-Bit Server VM"/>
    <property name="localRepository" value="C:\Users\ыг\.m2\repository"/>
    <property name="java.vendor.url.bug" value="https://bugreport.java.com/bugreport/"/>
    <property name="java.io.tmpdir" value="C:\Users\E8A0~1\AppData\Local\Temp\"/>
    <property name="idea.version" value="2022.2.1"/>
    <property name="java.version" value="18.0.2.1"/>
    <property name="user.dir" value="C:\Users\ыг\IdeaProjects\hippodrome"/>
    <property name="os.arch" value="amd64"/>
    <property name="java.vm.specification.name" value="Java Virtual Machine Specification"/>
    <property name="sun.os.patch.level" value=""/>
    <property name="native.encoding" value="Cp1251"/>
    <property name="java.library.path" value="C:\Java\jdk-18.0.2.1\bin;C:\WINDOWS\Sun\Java\bin;C:\WINDOWS\system32;C:\WINDOWS;C:\Program Files (x86)\Common Files\Oracle\Java\javapath;C:\Program Files (x86)\VMware\VMware Workstation\bin\;C:\WINDOWS\system32;C:\WINDOWS;C:\WINDOWS\System32\Wbem;C:\WINDOWS\System32\WindowsPowerShell\v1.0\;C:\WINDOWS\System32\OpenSSH\;C:\java\jdk-18.0.2.1\bin\;C:\Program Files\dotnet\;C:\Program Files (x86)\Microsoft SQL Server\150\DTS\Binn\;C:\Program Files\WireGuard\;C:\Program Files\Git\cmd;C:\Program Files\nodejs\;C:\Users\ыг\AppData\Local\Microsoft\WindowsApps;C:\Program Files\Azure Data Studio\bin;C:\Users\ыг\trash\java\javarush-2\maven\apache-maven-3.9.0\bin;C:\Users\ыг\AppData\Roaming\npm;."/>
    <property name="java.vm.info" value="mixed mode, sharing"/>
    <property name="java.vendor" value="Oracle Corporation"/>
    <property name="java.vm.version" value="18.0.2.1+1-1"/>
    <property name="sun.io.unicode.encoding" value="UnicodeLittle"/>
    <property name="java.class.version" value="62.0"/>
  </properties>
  <testcase name="horseNameAsBlank(String)[1]" classname="HorseTest" time="0.028">
    <system-out><![CDATA[2023-03-03 08:09:31,465 ERROR Horse: Name is blank
]]></system-out>
  </testcase>
  <testcase name="horseNameAsBlank(String)[2]" classname="HorseTest" time="0.002">
    <system-out><![CDATA[2023-03-03 08:09:31,473 ERROR Horse: Name is blank
]]></system-out>
  </testcase>
  <testcase name="horseNameAsBlank(String)[3]" classname="HorseTest" time="0.001">
    <system-out><![CDATA[2023-03-03 08:09:31,476 ERROR Horse: Name is blank
]]></system-out>
  </testcase>
  <testcase name="horseNameAsBlank(String)[4]" classname="HorseTest" time="0.001">
    <system-out><![CDATA[2023-03-03 08:09:31,478 ERROR Horse: Name is blank
]]></system-out>
  </testcase>
  <testcase name="horseNameAsBlank(String)[5]" classname="HorseTest" time="0.001">
    <system-out><![CDATA[2023-03-03 08:09:31,481 ERROR Horse: Name is blank
]]></system-out>
  </testcase>
  <testcase name="horseGetZeroDistance" classname="HorseTest" time="0.001">
    <system-out><![CDATA[2023-03-03 08:09:31,483 DEBUG Horse: Создание Horse, имя [horse], скорость [2.0]
]]></system-out>
  </testcase>
  <testcase name="horseMoveUsesGetRandomDouble" classname="HorseTest" time="0.006">
    <system-out><![CDATA[2023-03-03 08:09:31,486 DEBUG Horse: Создание Horse, имя [name], скорость [1.0]
2.0
]]></system-out>
  </testcase>
  <testcase name="horseCheckDistanceAfterMove(Double)[1]" classname="HorseTest" time="0.009">
    <system-out><![CDATA[2023-03-03 08:09:31,494 DEBUG Horse: Создание Horse, имя [name], скорость [2.0]
]]></system-out>
  </testcase>
  <testcase name="horseCheckDistanceAfterMove(Double)[2]" classname="HorseTest" time="0.002">
    <system-out><![CDATA[2023-03-03 08:09:31,505 DEBUG Horse: Создание Horse, имя [name], скорость [2.0]
]]></system-out>
  </testcase>
  <testcase name="horseCheckDistanceAfterMove(Double)[3]" classname="HorseTest" time="0.002">
    <system-out><![CDATA[2023-03-03 08:09:31,508 DEBUG Horse: Создание Horse, имя [name], скорость [2.0]
]]></system-out>
  </testcase>
  <testcase name="horseCheckDistanceAfterMove(Double)[4]" classname="HorseTest" time="0.001">
    <system-out><![CDATA[2023-03-03 08:09:31,510 DEBUG Horse: Создание Horse, имя [name], скорость [2.0]
]]></system-out>
  </testcase>
  <testcase name="horseNameAsNull" classname="HorseTest" time="0.001">
    <system-out><![CDATA[2023-03-03 08:09:31,513 ERROR Horse: Name is null
]]></system-out>
  </testcase>
  <testcase name="horseSpeedAsNegative" classname="HorseTest" time="0.001">
    <system-out><![CDATA[2023-03-03 08:09:31,515 ERROR Horse: Speed is negative
]]></system-out>
  </testcase>
  <testcase name="horseGetSpeed" classname="HorseTest" time="0.001">
    <system-out><![CDATA[2023-03-03 08:09:31,516 DEBUG Horse: Создание Horse, имя [horse], скорость [2.0]
]]></system-out>
  </testcase>
  <testcase name="horseDistanceAsNegative" classname="HorseTest" time="0.001">
    <system-out><![CDATA[2023-03-03 08:09:31,519 ERROR Horse: Distance is negative
]]></system-out>
  </testcase>
  <testcase name="horseGetDistance" classname="HorseTest" time="0.001">
    <system-out><![CDATA[2023-03-03 08:09:31,521 DEBUG Horse: Создание Horse, имя [horse], скорость [2.0]
]]></system-out>
  </testcase>
  <testcase name="horseGetName" classname="HorseTest" time="0.001">
    <system-out><![CDATA[2023-03-03 08:09:31,522 DEBUG Horse: Создание Horse, имя [horse], скорость [2.0]
]]></system-out>
  </testcase>
</testsuite>