<?xml version="1.0" encoding="UTF-8"?>
<testsuite xmlns:xsi="http://www.w3.org/2001/XMLSchema-instance" xsi:noNamespaceSchemaLocation="https://maven.apache.org/surefire/maven-surefire-plugin/xsd/surefire-test-report-3.0.xsd" version="3.0" name="HippodromeTest" time="1.764" tests="5" errors="0" skipped="0" failures="0">
  <properties>
    <property name="java.specification.version" value="18"/>
    <property name="sun.cpu.isalist" value="amd64"/>
    <property name="sun.jnu.encoding" value="Cp1251"/>
    <property name="java.class.path" value="C:\Users\ыг\IdeaProjects\hippodrome\target\test-classes;C:\Users\ыг\IdeaProjects\hippodrome\target\classes;C:\Users\ыг\.m2\repository\org\projectlombok\lombok\1.18.24\lombok-1.18.24.jar;C:\Users\ыг\.m2\repository\org\apache\logging\log4j\log4j-api\2.19.0\log4j-api-2.19.0.jar;C:\Users\ыг\.m2\repository\org\apache\logging\log4j\log4j-core\2.19.0\log4j-core-2.19.0.jar;C:\Users\ыг\.m2\repository\org\apache\logging\log4j\log4j-slf4j-impl\2.19.0\log4j-slf4j-impl-2.19.0.jar;C:\Users\ыг\.m2\repository\org\slf4j\slf4j-api\1.7.25\slf4j-api-1.7.25.jar;C:\Users\ыг\.m2\repository\org\mockito\mockito-core\5.1.1\mockito-core-5.1.1.jar;C:\Users\ыг\.m2\repository\net\bytebuddy\byte-buddy\1.12.22\byte-buddy-1.12.22.jar;C:\Users\ыг\.m2\repository\net\bytebuddy\byte-buddy-agent\1.12.22\byte-buddy-agent-1.12.22.jar;C:\Users\ыг\.m2\repository\org\objenesis\objenesis\3.3\objenesis-3.3.jar;C:\Users\ыг\.m2\repository\org\mockito\mockito-junit-jupiter\5.1.1\mockito-junit-jupiter-5.1.1.jar;C:\Users\ыг\.m2\repository\org\mockito\mockito-inline\5.1.1\mockito-inline-5.1.1.jar;C:\Users\ыг\.m2\repository\org\junit\jupiter\junit-jupiter-api\5.9.2\junit-jupiter-api-5.9.2.jar;C:\Users\ыг\.m2\repository\org\opentest4j\opentest4j\1.2.0\opentest4j-1.2.0.jar;C:\Users\ыг\.m2\repository\org\junit\platform\junit-platform-commons\1.9.2\junit-platform-commons-1.9.2.jar;C:\Users\ыг\.m2\repository\org\apiguardian\apiguardian-api\1.1.2\apiguardian-api-1.1.2.jar;C:\Users\ыг\.m2\repository\org\junit\jupiter\junit-jupiter-params\5.9.2\junit-jupiter-params-5.9.2.jar;"/>
    <property name="java.vm.vendor" value="Oracle Corporation"/>
    <property name="sun.arch.data.model" value="64"/>
    <property name="user.variant" value=""/>
    <property name="java.vendor.url" value="https://java.oracle.com/"/>
    <property name="user.timezone" value="Europe/Moscow"/>
    <property name="os.name" value="Windows 10"/>
    <property name="java.vm.specification.version" value="18"/>
    <property name="sun.java.launcher" value="SUN_STANDARD"/>
    <property name="user.country" value="RU"/>
    <property name="sun.boot.library.path" value="C:\Java\jdk-18.0.2.1\bin"/>
    <property name="sun.java.command" value="C:\Users\ыг\AppData\Local\Temp\surefire9184752750947458165\surefirebooter7410554322357622247.jar C:\Users\ыг\AppData\Local\Temp\surefire9184752750947458165 2023-03-03T08-09-28_589-jvmRun1 surefire9321366312316159846tmp surefire_02853205127853919484tmp"/>
    <property name="jdk.debug" value="release"/>
    <property name="surefire.test.class.path" value="C:\Users\ыг\IdeaProjects\hippodrome\target\test-classes;C:\Users\ыг\IdeaProjects\hippodrome\target\classes;C:\Users\ыг\.m2\repository\org\projectlombok\lombok\1.18.24\lombok-1.18.24.jar;C:\Users\ыг\.m2\repository\org\apache\logging\log4j\log4j-api\2.19.0\log4j-api-2.19.0.jar;C:\Users\ыг\.m2\repository\org\apache\logging\log4j\log4j-core\2.19.0\log4j-core-2.19.0.jar;C:\Users\ыг\.m2\repository\org\apache\logging\log4j\log4j-slf4j-impl\2.19.0\log4j-slf4j-impl-2.19.0.jar;C:\Users\ыг\.m2\repository\org\slf4j\slf4j-api\1.7.25\slf4j-api-1.7.25.jar;C:\Users\ыг\.m2\repository\org\mockito\mockito-core\5.1.1\mockito-core-5.1.1.jar;C:\Users\ыг\.m2\repository\net\bytebuddy\byte-buddy\1.12.22\byte-buddy-1.12.22.jar;C:\Users\ыг\.m2\repository\net\bytebuddy\byte-buddy-agent\1.12.22\byte-buddy-agent-1.12.22.jar;C:\Users\ыг\.m2\repository\org\objenesis\objenesis\3.3\objenesis-3.3.jar;C:\Users\ыг\.m2\repository\org\mockito\mockito-junit-jupiter\5.1.1\mockito-junit-jupiter-5.1.1.jar;C:\Users\ыг\.m2\repository\org\mockito\mockito-inline\5.1.1\mockito-inline-5.1.1.jar;C:\Users\ыг\.m2\repository\org\junit\jupiter\junit-jupiter-api\5.9.2\junit-jupiter-api-5.9.2.jar;C:\Users\ыг\.m2\repository\org\opentest4j\opentest4j\1.2.0\opentest4j-1.2.0.jar;C:\Users\ыг\.m2\repository\org\junit\platform\junit-platform-commons\1.9.2\junit-platform-commons-1.9.2.jar;C:\Users\ыг\.m2\repository\org\apiguardian\apiguardian-api\1.1.2\apiguardian-api-1.1.2.jar;C:\Users\ыг\.m2\repository\org\junit\jupiter\junit-jupiter-params\5.9.2\junit-jupiter-params-5.9.2.jar;"/>
    <property name="sun.cpu.endian" value="little"/>
    <property name="user.home" value="C:\Users\ыг"/>
    <property name="user.language" value="ru"/>
    <property name="java.specification.vendor" value="Oracle Corporation"/>
    <property name="java.version.date" value="2022-08-18"/>
    <property name="java.home" value="C:\Java\jdk-18.0.2.1"/>
    <property name="file.separator" value="\"/>
    <property name="basedir" value="C:\Users\ыг\IdeaProjects\hippodrome"/>
    <property name="java.vm.compressedOopsMode" value="Zero based"/>
    <property name="line.separator" value="&#10;"/>
    <property name="java.vm.specification.vendor" value="Oracle Corporation"/>
    <property name="java.specification.name" value="Java Platform API Specification"/>
    <property name="surefire.real.class.path" value="C:\Users\ыг\AppData\Local\Temp\surefire9184752750947458165\surefirebooter7410554322357622247.jar"/>
    <property name="user.script" value=""/>
    <property name="sun.management.compiler" value="HotSpot 64-Bit Tiered Compilers"/>
    <property name="java.runtime.version" value="18.0.2.1+1-1"/>
    <property name="user.name" value="ыг"/>
    <property name="path.separator" value=";"/>
    <property name="os.version" value="10.0"/>
    <property name="java.runtime.name" value="OpenJDK Runtime Environment"/>
    <property name="file.encoding" value="UTF-8"/>
    <property name="java.vm.name" value="OpenJDK 64-Bit Server VM"/>
    <property name="localRepository" value="C:\Users\ыг\.m2\repository"/>
    <property name="java.vendor.url.bug" value="https://bugreport.java.com/bugreport/"/>
    <property name="java.io.tmpdir" value="C:\Users\E8A0~1\AppData\Local\Temp\"/>
    <property name="idea.version" value="2022.2.1"/>
    <property name="java.version" value="18.0.2.1"/>
    <property name="user.dir" value="C:\Users\ыг\IdeaProjects\hippodrome"/>
    <property name="os.arch" value="amd64"/>
    <property name="java.vm.specification.name" value="Java Virtual Machine Specification"/>
    <property name="sun.os.patch.level" value=""/>
    <property name="native.encoding" value="Cp1251"/>
    <property name="java.library.path" value="C:\Java\jdk-18.0.2.1\bin;C:\WINDOWS\Sun\Java\bin;C:\WINDOWS\system32;C:\WINDOWS;C:\Program Files (x86)\Common Files\Oracle\Java\javapath;C:\Program Files (x86)\VMware\VMware Workstation\bin\;C:\WINDOWS\system32;C:\WINDOWS;C:\WINDOWS\System32\Wbem;C:\WINDOWS\System32\WindowsPowerShell\v1.0\;C:\WINDOWS\System32\OpenSSH\;C:\java\jdk-18.0.2.1\bin\;C:\Program Files\dotnet\;C:\Program Files (x86)\Microsoft SQL Server\150\DTS\Binn\;C:\Program Files\WireGuard\;C:\Program Files\Git\cmd;C:\Program Files\nodejs\;C:\Users\ыг\AppData\Local\Microsoft\WindowsApps;C:\Program Files\Azure Data Studio\bin;C:\Users\ыг\trash\java\javarush-2\maven\apache-maven-3.9.0\bin;C:\Users\ыг\AppData\Roaming\npm;."/>
    <property name="java.vm.info" value="mixed mode, sharing"/>
    <property name="java.vendor" value="Oracle Corporation"/>
    <property name="java.vm.version" value="18.0.2.1+1-1"/>
    <property name="sun.io.unicode.encoding" value="UnicodeLittle"/>
    <property name="java.class.version" value="62.0"/>
  </properties>
  <testcase name="hippodromeMove" classname="HippodromeTest" time="1.696">
    <system-out><![CDATA[2023-03-03 08:09:31,254 DEBUG Hippodrome: Создание Hippodrome, лошадей 50
]]></system-out>
  </testcase>
  <testcase name="hippodromeGetsNullHorsesList" classname="HippodromeTest" time="0.011">
    <system-out><![CDATA[2023-03-03 08:09:31,333 ERROR Hippodrome: Horses list is null
]]></system-out>
  </testcase>
  <testcase name="hippodromeGetsEmptyHorsesList" classname="HippodromeTest" time="0.002">
    <system-out><![CDATA[2023-03-03 08:09:31,338 ERROR Hippodrome: Horses list is empty
]]></system-out>
  </testcase>
  <testcase name="hippodromeGetHorses" classname="HippodromeTest" time="0.011">
    <system-out><![CDATA[2023-03-03 08:09:31,341 DEBUG Horse: Создание Horse, имя [0], скорость [0.0]
2023-03-03 08:09:31,341 DEBUG Horse: Создание Horse, имя [1], скорость [1.0]
2023-03-03 08:09:31,342 DEBUG Horse: Создание Horse, имя [2], скорость [2.0]
2023-03-03 08:09:31,342 DEBUG Horse: Создание Horse, имя [3], скорость [3.0]
2023-03-03 08:09:31,342 DEBUG Horse: Создание Horse, имя [4], скорость [4.0]
2023-03-03 08:09:31,343 DEBUG Horse: Создание Horse, имя [5], скорость [5.0]
2023-03-03 08:09:31,343 DEBUG Horse: Создание Horse, имя [6], скорость [6.0]
2023-03-03 08:09:31,343 DEBUG Horse: Создание Horse, имя [7], скорость [7.0]
2023-03-03 08:09:31,344 DEBUG Horse: Создание Horse, имя [8], скорость [8.0]
2023-03-03 08:09:31,344 DEBUG Horse: Создание Horse, имя [9], скорость [9.0]
2023-03-03 08:09:31,345 DEBUG Horse: Создание Horse, имя [10], скорость [10.0]
2023-03-03 08:09:31,345 DEBUG Horse: Создание Horse, имя [11], скорость [11.0]
2023-03-03 08:09:31,345 DEBUG Horse: Создание Horse, имя [12], скорость [12.0]
2023-03-03 08:09:31,346 DEBUG Horse: Создание Horse, имя [13], скорость [13.0]
2023-03-03 08:09:31,346 DEBUG Horse: Создание Horse, имя [14], скорость [14.0]
2023-03-03 08:09:31,346 DEBUG Horse: Создание Horse, имя [15], скорость [15.0]
2023-03-03 08:09:31,346 DEBUG Horse: Создание Horse, имя [16], скорость [16.0]
2023-03-03 08:09:31,347 DEBUG Horse: Создание Horse, имя [17], скорость [17.0]
2023-03-03 08:09:31,347 DEBUG Horse: Создание Horse, имя [18], скорость [18.0]
2023-03-03 08:09:31,347 DEBUG Horse: Создание Horse, имя [19], скорость [19.0]
2023-03-03 08:09:31,348 DEBUG Horse: Создание Horse, имя [20], скорость [20.0]
2023-03-03 08:09:31,348 DEBUG Horse: Создание Horse, имя [21], скорость [21.0]
2023-03-03 08:09:31,348 DEBUG Horse: Создание Horse, имя [22], скорость [22.0]
2023-03-03 08:09:31,348 DEBUG Horse: Создание Horse, имя [23], скорость [23.0]
2023-03-03 08:09:31,349 DEBUG Horse: Создание Horse, имя [24], скорость [24.0]
2023-03-03 08:09:31,349 DEBUG Horse: Создание Horse, имя [25], скорость [25.0]
2023-03-03 08:09:31,349 DEBUG Horse: Создание Horse, имя [26], скорость [26.0]
2023-03-03 08:09:31,350 DEBUG Horse: Создание Horse, имя [27], скорость [27.0]
2023-03-03 08:09:31,350 DEBUG Horse: Создание Horse, имя [28], скорость [28.0]
2023-03-03 08:09:31,350 DEBUG Horse: Создание Horse, имя [29], скорость [29.0]
2023-03-03 08:09:31,350 DEBUG Hippodrome: Создание Hippodrome, лошадей 30
]]></system-out>
  </testcase>
  <testcase name="hippodromeGetWinner" classname="HippodromeTest" time="0.015">
    <system-out><![CDATA[2023-03-03 08:09:31,356 DEBUG Horse: Создание Horse, имя [0], скорость [0.0]
2023-03-03 08:09:31,356 DEBUG Horse: Создание Horse, имя [1], скорость [1.0]
2023-03-03 08:09:31,357 DEBUG Horse: Создание Horse, имя [2], скорость [2.0]
2023-03-03 08:09:31,357 DEBUG Horse: Создание Horse, имя [3], скорость [3.0]
2023-03-03 08:09:31,357 DEBUG Horse: Создание Horse, имя [4], скорость [4.0]
2023-03-03 08:09:31,358 DEBUG Horse: Создание Horse, имя [5], скорость [5.0]
2023-03-03 08:09:31,359 DEBUG Horse: Создание Horse, имя [6], скорость [6.0]
2023-03-03 08:09:31,359 DEBUG Horse: Создание Horse, имя [7], скорость [7.0]
2023-03-03 08:09:31,360 DEBUG Horse: Создание Horse, имя [8], скорость [8.0]
2023-03-03 08:09:31,360 DEBUG Horse: Создание Horse, имя [9], скорость [9.0]
2023-03-03 08:09:31,361 DEBUG Horse: Создание Horse, имя [10], скорость [10.0]
2023-03-03 08:09:31,361 DEBUG Horse: Создание Horse, имя [11], скорость [11.0]
2023-03-03 08:09:31,361 DEBUG Horse: Создание Horse, имя [12], скорость [12.0]
2023-03-03 08:09:31,362 DEBUG Horse: Создание Horse, имя [13], скорость [13.0]
2023-03-03 08:09:31,362 DEBUG Horse: Создание Horse, имя [14], скорость [14.0]
2023-03-03 08:09:31,362 DEBUG Horse: Создание Horse, имя [15], скорость [15.0]
2023-03-03 08:09:31,363 DEBUG Horse: Создание Horse, имя [16], скорость [16.0]
2023-03-03 08:09:31,363 DEBUG Horse: Создание Horse, имя [17], скорость [17.0]
2023-03-03 08:09:31,363 DEBUG Horse: Создание Horse, имя [18], скорость [18.0]
2023-03-03 08:09:31,364 DEBUG Horse: Создание Horse, имя [19], скорость [19.0]
2023-03-03 08:09:31,364 DEBUG Horse: Создание Horse, имя [20], скорость [20.0]
2023-03-03 08:09:31,364 DEBUG Horse: Создание Horse, имя [21], скорость [21.0]
2023-03-03 08:09:31,364 DEBUG Horse: Создание Horse, имя [22], скорость [22.0]
2023-03-03 08:09:31,365 DEBUG Horse: Создание Horse, имя [23], скорость [23.0]
2023-03-03 08:09:31,365 DEBUG Horse: Создание Horse, имя [24], скорость [24.0]
2023-03-03 08:09:31,365 DEBUG Horse: Создание Horse, имя [25], скорость [25.0]
2023-03-03 08:09:31,366 DEBUG Horse: Создание Horse, имя [26], скорость [26.0]
2023-03-03 08:09:31,366 DEBUG Horse: Создание Horse, имя [27], скорость [27.0]
2023-03-03 08:09:31,366 DEBUG Horse: Создание Horse, имя [28], скорость [28.0]
2023-03-03 08:09:31,366 DEBUG Horse: Создание Horse, имя [29], скорость [29.0]
2023-03-03 08:09:31,367 DEBUG Hippodrome: Создание Hippodrome, лошадей 30
]]></system-out>
  </testcase>
</testsuite>